{"D:\\OneDrive\\桌面\\大二下\\暑期学校\\MVVM\\src\\index.js": {"path":"D:\\OneDrive\\桌面\\大二下\\暑期学校\\MVVM\\src\\index.js","statementMap":{"0":{"start":{"line":2,"column":22},"end":{"line":4,"column":1}},"1":{"start":{"line":3,"column":4},"end":{"line":3,"column":62}},"2":{"start":{"line":5,"column":0},"end":{"line":5,"column":62}},"3":{"start":{"line":6,"column":18},"end":{"line":6,"column":63}},"4":{"start":{"line":7,"column":19},"end":{"line":7,"column":66}},"5":{"start":{"line":17,"column":8},"end":{"line":17,"column":34}},"6":{"start":{"line":18,"column":8},"end":{"line":18,"column":40}},"7":{"start":{"line":19,"column":8},"end":{"line":19,"column":30}},"8":{"start":{"line":21,"column":8},"end":{"line":21,"column":27}},"9":{"start":{"line":23,"column":8},"end":{"line":23,"column":52}},"10":{"start":{"line":24,"column":8},"end":{"line":24,"column":37}},"11":{"start":{"line":26,"column":8},"end":{"line":26,"column":30}},"12":{"start":{"line":32,"column":19},"end":{"line":32,"column":42}},"13":{"start":{"line":33,"column":19},"end":{"line":33,"column":23}},"14":{"start":{"line":34,"column":8},"end":{"line":50,"column":9}},"15":{"start":{"line":34,"column":21},"end":{"line":34,"column":22}},"16":{"start":{"line":35,"column":22},"end":{"line":35,"column":29}},"17":{"start":{"line":36,"column":12},"end":{"line":49,"column":20}},"18":{"start":{"line":37,"column":16},"end":{"line":48,"column":19}},"19":{"start":{"line":41,"column":24},"end":{"line":41,"column":47}},"20":{"start":{"line":44,"column":24},"end":{"line":46,"column":25}},"21":{"start":{"line":45,"column":28},"end":{"line":45,"column":53}},"22":{"start":{"line":53,"column":0},"end":{"line":53,"column":20}},"23":{"start":{"line":55,"column":0},"end":{"line":55,"column":19}}},"fnMap":{"0":{"name":"(anonymous_0)","decl":{"start":{"line":2,"column":56},"end":{"line":2,"column":57}},"loc":{"start":{"line":2,"column":71},"end":{"line":4,"column":1}},"line":2},"1":{"name":"(anonymous_1)","decl":{"start":{"line":16,"column":4},"end":{"line":16,"column":5}},"loc":{"start":{"line":16,"column":25},"end":{"line":27,"column":5}},"line":16},"2":{"name":"(anonymous_2)","decl":{"start":{"line":31,"column":4},"end":{"line":31,"column":5}},"loc":{"start":{"line":31,"column":21},"end":{"line":51,"column":5}},"line":31},"3":{"name":"(anonymous_3)","decl":{"start":{"line":36,"column":13},"end":{"line":36,"column":14}},"loc":{"start":{"line":36,"column":28},"end":{"line":49,"column":13}},"line":36},"4":{"name":"(anonymous_4)","decl":{"start":{"line":40,"column":25},"end":{"line":40,"column":26}},"loc":{"start":{"line":40,"column":37},"end":{"line":42,"column":21}},"line":40},"5":{"name":"(anonymous_5)","decl":{"start":{"line":43,"column":25},"end":{"line":43,"column":26}},"loc":{"start":{"line":43,"column":43},"end":{"line":47,"column":21}},"line":43}},"branchMap":{"0":{"loc":{"start":{"line":2,"column":22},"end":{"line":4,"column":1}},"type":"binary-expr","locations":[{"start":{"line":2,"column":23},"end":{"line":2,"column":27}},{"start":{"line":2,"column":31},"end":{"line":2,"column":51}},{"start":{"line":2,"column":56},"end":{"line":4,"column":1}}],"line":2},"1":{"loc":{"start":{"line":3,"column":11},"end":{"line":3,"column":61}},"type":"cond-expr","locations":[{"start":{"line":3,"column":37},"end":{"line":3,"column":40}},{"start":{"line":3,"column":43},"end":{"line":3,"column":61}}],"line":3},"2":{"loc":{"start":{"line":3,"column":12},"end":{"line":3,"column":33}},"type":"binary-expr","locations":[{"start":{"line":3,"column":12},"end":{"line":3,"column":15}},{"start":{"line":3,"column":19},"end":{"line":3,"column":33}}],"line":3},"3":{"loc":{"start":{"line":44,"column":24},"end":{"line":46,"column":25}},"type":"if","locations":[{"start":{"line":44,"column":24},"end":{"line":46,"column":25}},{"start":{},"end":{}}],"line":44}},"s":{"0":3,"1":6,"2":3,"3":3,"4":3,"5":3,"6":3,"7":3,"8":3,"9":3,"10":3,"11":3,"12":3,"13":3,"14":3,"15":3,"16":9,"17":9,"18":9,"19":2,"20":1,"21":1,"22":3,"23":3},"f":{"0":6,"1":3,"2":3,"3":9,"4":2,"5":1},"b":{"0":[3,0,3],"1":[6,0],"2":[6,6],"3":[1,0]},"_coverageSchema":"1a1c01bbd47fc00a2c39e90264f33305004495a9","hash":"36882aabf72b9fe5c46d9af5e75027007664436b"}
,"D:\\OneDrive\\桌面\\大二下\\暑期学校\\MVVM\\src\\compile\\compile.js": {"path":"D:\\OneDrive\\桌面\\大二下\\暑期学校\\MVVM\\src\\compile\\compile.js","statementMap":{"0":{"start":{"line":2,"column":22},"end":{"line":4,"column":1}},"1":{"start":{"line":3,"column":4},"end":{"line":3,"column":62}},"2":{"start":{"line":5,"column":0},"end":{"line":5,"column":62}},"3":{"start":{"line":6,"column":18},"end":{"line":6,"column":64}},"4":{"start":{"line":7,"column":16},"end":{"line":7,"column":41}},"5":{"start":{"line":15,"column":14},"end":{"line":15,"column":46}},"6":{"start":{"line":16,"column":19},"end":{"line":16,"column":31}},"7":{"start":{"line":17,"column":15},"end":{"line":17,"column":19}},"8":{"start":{"line":18,"column":12},"end":{"line":18,"column":13}},"9":{"start":{"line":18,"column":19},"end":{"line":18,"column":20}},"10":{"start":{"line":20,"column":18},"end":{"line":20,"column":22}},"11":{"start":{"line":21,"column":4},"end":{"line":96,"column":5}},"12":{"start":{"line":22,"column":19},"end":{"line":22,"column":30}},"13":{"start":{"line":23,"column":8},"end":{"line":95,"column":17}},"14":{"start":{"line":26,"column":23},"end":{"line":26,"column":37}},"15":{"start":{"line":27,"column":26},"end":{"line":27,"column":70}},"16":{"start":{"line":28,"column":12},"end":{"line":52,"column":13}},"17":{"start":{"line":30,"column":16},"end":{"line":30,"column":44}},"18":{"start":{"line":31,"column":16},"end":{"line":51,"column":17}},"19":{"start":{"line":33,"column":31},"end":{"line":33,"column":75}},"20":{"start":{"line":35,"column":20},"end":{"line":35,"column":54}},"21":{"start":{"line":36,"column":20},"end":{"line":50,"column":29}},"22":{"start":{"line":37,"column":24},"end":{"line":48,"column":26}},"23":{"start":{"line":39,"column":44},"end":{"line":39,"column":111}},"24":{"start":{"line":41,"column":28},"end":{"line":46,"column":29}},"25":{"start":{"line":41,"column":41},"end":{"line":41,"column":42}},"26":{"start":{"line":42,"column":32},"end":{"line":45,"column":33}},"27":{"start":{"line":44,"column":36},"end":{"line":44,"column":146}},"28":{"start":{"line":47,"column":28},"end":{"line":47,"column":55}},"29":{"start":{"line":49,"column":24},"end":{"line":49,"column":100}},"30":{"start":{"line":54,"column":29},"end":{"line":54,"column":53}},"31":{"start":{"line":55,"column":12},"end":{"line":94,"column":13}},"32":{"start":{"line":57,"column":32},"end":{"line":57,"column":45}},"33":{"start":{"line":59,"column":30},"end":{"line":59,"column":34}},"34":{"start":{"line":61,"column":33},"end":{"line":61,"column":61}},"35":{"start":{"line":62,"column":16},"end":{"line":93,"column":17}},"36":{"start":{"line":64,"column":20},"end":{"line":64,"column":40}},"37":{"start":{"line":66,"column":20},"end":{"line":68,"column":22}},"38":{"start":{"line":67,"column":24},"end":{"line":67,"column":44}},"39":{"start":{"line":70,"column":20},"end":{"line":70,"column":113}},"40":{"start":{"line":72,"column":21},"end":{"line":93,"column":17}},"41":{"start":{"line":75,"column":20},"end":{"line":77,"column":22}},"42":{"start":{"line":76,"column":24},"end":{"line":76,"column":41}},"43":{"start":{"line":79,"column":20},"end":{"line":79,"column":113}},"44":{"start":{"line":81,"column":20},"end":{"line":84,"column":23}},"45":{"start":{"line":82,"column":34},"end":{"line":82,"column":51}},"46":{"start":{"line":83,"column":24},"end":{"line":83,"column":59}},"47":{"start":{"line":86,"column":21},"end":{"line":93,"column":17}},"48":{"start":{"line":88,"column":32},"end":{"line":88,"column":41}},"49":{"start":{"line":89,"column":33},"end":{"line":89,"column":43}},"50":{"start":{"line":90,"column":20},"end":{"line":92,"column":23}},"51":{"start":{"line":91,"column":24},"end":{"line":91,"column":87}},"52":{"start":{"line":98,"column":0},"end":{"line":98,"column":27}}},"fnMap":{"0":{"name":"(anonymous_0)","decl":{"start":{"line":2,"column":56},"end":{"line":2,"column":57}},"loc":{"start":{"line":2,"column":71},"end":{"line":4,"column":1}},"line":2},"1":{"name":"_compile","decl":{"start":{"line":14,"column":9},"end":{"line":14,"column":17}},"loc":{"start":{"line":14,"column":24},"end":{"line":97,"column":1}},"line":14},"2":{"name":"(anonymous_2)","decl":{"start":{"line":23,"column":9},"end":{"line":23,"column":10}},"loc":{"start":{"line":23,"column":25},"end":{"line":95,"column":9}},"line":23},"3":{"name":"(anonymous_3)","decl":{"start":{"line":36,"column":21},"end":{"line":36,"column":22}},"loc":{"start":{"line":36,"column":37},"end":{"line":50,"column":21}},"line":36},"4":{"name":"(anonymous_4)","decl":{"start":{"line":37,"column":34},"end":{"line":37,"column":35}},"loc":{"start":{"line":37,"column":46},"end":{"line":48,"column":25}},"line":37},"5":{"name":"(anonymous_5)","decl":{"start":{"line":66,"column":30},"end":{"line":66,"column":31}},"loc":{"start":{"line":66,"column":45},"end":{"line":68,"column":21}},"line":66},"6":{"name":"(anonymous_6)","decl":{"start":{"line":75,"column":30},"end":{"line":75,"column":31}},"loc":{"start":{"line":75,"column":45},"end":{"line":77,"column":21}},"line":75},"7":{"name":"(anonymous_7)","decl":{"start":{"line":81,"column":51},"end":{"line":81,"column":52}},"loc":{"start":{"line":81,"column":66},"end":{"line":84,"column":21}},"line":81},"8":{"name":"(anonymous_8)","decl":{"start":{"line":90,"column":49},"end":{"line":90,"column":50}},"loc":{"start":{"line":90,"column":64},"end":{"line":92,"column":21}},"line":90}},"branchMap":{"0":{"loc":{"start":{"line":2,"column":22},"end":{"line":4,"column":1}},"type":"binary-expr","locations":[{"start":{"line":2,"column":23},"end":{"line":2,"column":27}},{"start":{"line":2,"column":31},"end":{"line":2,"column":51}},{"start":{"line":2,"column":56},"end":{"line":4,"column":1}}],"line":2},"1":{"loc":{"start":{"line":3,"column":11},"end":{"line":3,"column":61}},"type":"cond-expr","locations":[{"start":{"line":3,"column":37},"end":{"line":3,"column":40}},{"start":{"line":3,"column":43},"end":{"line":3,"column":61}}],"line":3},"2":{"loc":{"start":{"line":3,"column":12},"end":{"line":3,"column":33}},"type":"binary-expr","locations":[{"start":{"line":3,"column":12},"end":{"line":3,"column":15}},{"start":{"line":3,"column":19},"end":{"line":3,"column":33}}],"line":3},"3":{"loc":{"start":{"line":28,"column":12},"end":{"line":52,"column":13}},"type":"if","locations":[{"start":{"line":28,"column":12},"end":{"line":52,"column":13}},{"start":{},"end":{}}],"line":28},"4":{"loc":{"start":{"line":28,"column":16},"end":{"line":28,"column":45}},"type":"binary-expr","locations":[{"start":{"line":28,"column":16},"end":{"line":28,"column":23}},{"start":{"line":28,"column":27},"end":{"line":28,"column":45}}],"line":28},"5":{"loc":{"start":{"line":42,"column":32},"end":{"line":45,"column":33}},"type":"if","locations":[{"start":{"line":42,"column":32},"end":{"line":45,"column":33}},{"start":{},"end":{}}],"line":42},"6":{"loc":{"start":{"line":62,"column":16},"end":{"line":93,"column":17}},"type":"if","locations":[{"start":{"line":62,"column":16},"end":{"line":93,"column":17}},{"start":{"line":72,"column":21},"end":{"line":93,"column":17}}],"line":62},"7":{"loc":{"start":{"line":72,"column":21},"end":{"line":93,"column":17}},"type":"if","locations":[{"start":{"line":72,"column":21},"end":{"line":93,"column":17}},{"start":{"line":86,"column":21},"end":{"line":93,"column":17}}],"line":72},"8":{"loc":{"start":{"line":72,"column":25},"end":{"line":72,"column":109}},"type":"binary-expr","locations":[{"start":{"line":72,"column":25},"end":{"line":72,"column":48}},{"start":{"line":72,"column":53},"end":{"line":72,"column":77}},{"start":{"line":72,"column":81},"end":{"line":72,"column":108}}],"line":72},"9":{"loc":{"start":{"line":86,"column":21},"end":{"line":93,"column":17}},"type":"if","locations":[{"start":{"line":86,"column":21},"end":{"line":93,"column":17}},{"start":{},"end":{}}],"line":86},"10":{"loc":{"start":{"line":91,"column":24},"end":{"line":91,"column":86}},"type":"binary-expr","locations":[{"start":{"line":91,"column":24},"end":{"line":91,"column":45}},{"start":{"line":91,"column":49},"end":{"line":91,"column":86}}],"line":91}},"s":{"0":3,"1":3,"2":3,"3":3,"4":3,"5":3,"6":3,"7":3,"8":3,"9":3,"10":3,"11":3,"12":9,"13":9,"14":9,"15":9,"16":9,"17":0,"18":0,"19":0,"20":0,"21":0,"22":0,"23":0,"24":0,"25":0,"26":0,"27":0,"28":0,"29":0,"30":9,"31":9,"32":13,"33":13,"34":13,"35":13,"36":3,"37":3,"38":3,"39":3,"40":10,"41":3,"42":4,"43":3,"44":3,"45":0,"46":0,"47":7,"48":3,"49":3,"50":3,"51":1,"52":3},"f":{"0":3,"1":3,"2":9,"3":0,"4":0,"5":3,"6":4,"7":0,"8":1},"b":{"0":[3,0,3],"1":[3,0],"2":[3,3],"3":[0,9],"4":[9,0],"5":[0,0],"6":[3,10],"7":[3,7],"8":[10,3,0],"9":[3,4],"10":[1,1]},"_coverageSchema":"1a1c01bbd47fc00a2c39e90264f33305004495a9","hash":"e7e80220185106188f91615e3384371f4fd946a0"}
,"D:\\OneDrive\\桌面\\大二下\\暑期学校\\MVVM\\src\\const\\regex.js": {"path":"D:\\OneDrive\\桌面\\大二下\\暑期学校\\MVVM\\src\\const\\regex.js","statementMap":{"0":{"start":{"line":2,"column":0},"end":{"line":2,"column":62}},"1":{"start":{"line":3,"column":0},"end":{"line":3,"column":27}},"2":{"start":{"line":4,"column":0},"end":{"line":21,"column":2}}},"fnMap":{},"branchMap":{},"s":{"0":3,"1":3,"2":3},"f":{},"b":{},"_coverageSchema":"1a1c01bbd47fc00a2c39e90264f33305004495a9","hash":"3d70a4ab9df5398b534e37b9cbee303ec5a64428"}
,"D:\\OneDrive\\桌面\\大二下\\暑期学校\\MVVM\\src\\observer\\observer.js": {"path":"D:\\OneDrive\\桌面\\大二下\\暑期学校\\MVVM\\src\\observer\\observer.js","statementMap":{"0":{"start":{"line":2,"column":0},"end":{"line":2,"column":62}},"1":{"start":{"line":8,"column":15},"end":{"line":8,"column":19}},"2":{"start":{"line":9,"column":4},"end":{"line":49,"column":5}},"3":{"start":{"line":10,"column":8},"end":{"line":48,"column":9}},"4":{"start":{"line":12,"column":12},"end":{"line":15,"column":14}},"5":{"start":{"line":16,"column":12},"end":{"line":18,"column":13}},"6":{"start":{"line":17,"column":16},"end":{"line":17,"column":55}},"7":{"start":{"line":19,"column":22},"end":{"line":19,"column":31}},"8":{"start":{"line":21,"column":12},"end":{"line":47,"column":25}},"9":{"start":{"line":22,"column":16},"end":{"line":46,"column":19}},"10":{"start":{"line":26,"column":24},"end":{"line":26,"column":37}},"11":{"start":{"line":29,"column":24},"end":{"line":31,"column":25}},"12":{"start":{"line":30,"column":28},"end":{"line":30,"column":35}},"13":{"start":{"line":32,"column":24},"end":{"line":32,"column":39}},"14":{"start":{"line":34,"column":24},"end":{"line":38,"column":25}},"15":{"start":{"line":35,"column":28},"end":{"line":37,"column":37}},"16":{"start":{"line":36,"column":32},"end":{"line":36,"column":49}},"17":{"start":{"line":40,"column":24},"end":{"line":44,"column":25}},"18":{"start":{"line":41,"column":28},"end":{"line":43,"column":37}},"19":{"start":{"line":42,"column":32},"end":{"line":42,"column":49}},"20":{"start":{"line":51,"column":0},"end":{"line":51,"column":28}}},"fnMap":{"0":{"name":"_observer","decl":{"start":{"line":7,"column":9},"end":{"line":7,"column":18}},"loc":{"start":{"line":7,"column":31},"end":{"line":50,"column":1}},"line":7},"1":{"name":"(anonymous_1)","decl":{"start":{"line":21,"column":13},"end":{"line":21,"column":14}},"loc":{"start":{"line":21,"column":35},"end":{"line":47,"column":13}},"line":21},"2":{"name":"(anonymous_2)","decl":{"start":{"line":25,"column":25},"end":{"line":25,"column":26}},"loc":{"start":{"line":25,"column":37},"end":{"line":27,"column":21}},"line":25},"3":{"name":"(anonymous_3)","decl":{"start":{"line":28,"column":20},"end":{"line":28,"column":21}},"loc":{"start":{"line":28,"column":32},"end":{"line":45,"column":21}},"line":28},"4":{"name":"(anonymous_4)","decl":{"start":{"line":35,"column":67},"end":{"line":35,"column":68}},"loc":{"start":{"line":35,"column":86},"end":{"line":37,"column":29}},"line":35},"5":{"name":"(anonymous_5)","decl":{"start":{"line":41,"column":62},"end":{"line":41,"column":63}},"loc":{"start":{"line":41,"column":81},"end":{"line":43,"column":29}},"line":41}},"branchMap":{"0":{"loc":{"start":{"line":10,"column":8},"end":{"line":48,"column":9}},"type":"if","locations":[{"start":{"line":10,"column":8},"end":{"line":48,"column":9}},{"start":{},"end":{}}],"line":10},"1":{"loc":{"start":{"line":16,"column":12},"end":{"line":18,"column":13}},"type":"if","locations":[{"start":{"line":16,"column":12},"end":{"line":18,"column":13}},{"start":{},"end":{}}],"line":16},"2":{"loc":{"start":{"line":29,"column":24},"end":{"line":31,"column":25}},"type":"if","locations":[{"start":{"line":29,"column":24},"end":{"line":31,"column":25}},{"start":{},"end":{}}],"line":29},"3":{"loc":{"start":{"line":34,"column":24},"end":{"line":38,"column":25}},"type":"if","locations":[{"start":{"line":34,"column":24},"end":{"line":38,"column":25}},{"start":{},"end":{}}],"line":34},"4":{"loc":{"start":{"line":40,"column":24},"end":{"line":44,"column":25}},"type":"if","locations":[{"start":{"line":40,"column":24},"end":{"line":44,"column":25}},{"start":{},"end":{}}],"line":40}},"s":{"0":3,"1":3,"2":3,"3":9,"4":9,"5":9,"6":0,"7":9,"8":9,"9":9,"10":10,"11":1,"12":0,"13":1,"14":1,"15":1,"16":1,"17":1,"18":1,"19":0,"20":3},"f":{"0":3,"1":9,"2":10,"3":1,"4":1,"5":0},"b":{"0":[9,0],"1":[0,9],"2":[0,1],"3":[1,0],"4":[1,0]},"_coverageSchema":"1a1c01bbd47fc00a2c39e90264f33305004495a9","hash":"71597309bbdb589e04202640b741b3c34a474ef5"}
,"D:\\OneDrive\\桌面\\大二下\\暑期学校\\MVVM\\src\\watcher\\watcher.js": {"path":"D:\\OneDrive\\桌面\\大二下\\暑期学校\\MVVM\\src\\watcher\\watcher.js","statementMap":{"0":{"start":{"line":2,"column":0},"end":{"line":2,"column":62}},"1":{"start":{"line":13,"column":8},"end":{"line":13,"column":21}},"2":{"start":{"line":14,"column":8},"end":{"line":14,"column":25}},"3":{"start":{"line":15,"column":8},"end":{"line":15,"column":33}},"4":{"start":{"line":16,"column":8},"end":{"line":16,"column":22}},"5":{"start":{"line":20,"column":8},"end":{"line":20,"column":48}},"6":{"start":{"line":23,"column":0},"end":{"line":23,"column":29}}},"fnMap":{"0":{"name":"(anonymous_0)","decl":{"start":{"line":12,"column":4},"end":{"line":12,"column":5}},"loc":{"start":{"line":12,"column":36},"end":{"line":17,"column":5}},"line":12},"1":{"name":"(anonymous_1)","decl":{"start":{"line":19,"column":4},"end":{"line":19,"column":5}},"loc":{"start":{"line":19,"column":13},"end":{"line":21,"column":5}},"line":19}},"branchMap":{},"s":{"0":3,"1":6,"2":6,"3":6,"4":6,"5":7,"6":3},"f":{"0":6,"1":7},"b":{},"_coverageSchema":"1a1c01bbd47fc00a2c39e90264f33305004495a9","hash":"bfccce7efd1a3897059005fb36e7de4f7ed3a3cf"}
}
