TN:
SF:src\index.js
FN:2,(anonymous_0)
FN:16,(anonymous_1)
FN:31,(anonymous_2)
FN:36,(anonymous_3)
FN:40,(anonymous_4)
FN:43,(anonymous_5)
FNF:6
FNH:6
FNDA:6,(anonymous_0)
FNDA:3,(anonymous_1)
FNDA:3,(anonymous_2)
FNDA:9,(anonymous_3)
FNDA:3,(anonymous_4)
FNDA:2,(anonymous_5)
DA:2,3
DA:3,6
DA:5,3
DA:6,3
DA:7,3
DA:17,3
DA:18,3
DA:19,3
DA:21,3
DA:23,3
DA:24,3
DA:26,3
DA:32,3
DA:33,3
DA:34,3
DA:35,9
DA:36,9
DA:37,9
DA:41,3
DA:44,2
DA:45,2
DA:53,3
DA:55,3
LF:23
LH:23
BRDA:2,0,0,3
BRDA:2,0,1,0
BRDA:2,0,2,3
BRDA:3,1,0,6
BRDA:3,1,1,0
BRDA:3,2,0,6
BRDA:3,2,1,6
BRDA:44,3,0,2
BRDA:44,3,1,0
BRF:9
BRH:6
end_of_record
TN:
SF:src\compile\compile.js
FN:2,(anonymous_0)
FN:14,_compile
FN:23,(anonymous_2)
FN:36,(anonymous_3)
FN:37,(anonymous_4)
FN:66,(anonymous_5)
FN:75,(anonymous_6)
FN:81,(anonymous_7)
FN:90,(anonymous_8)
FNF:9
FNH:6
FNDA:3,(anonymous_0)
FNDA:3,_compile
FNDA:9,(anonymous_2)
FNDA:0,(anonymous_3)
FNDA:0,(anonymous_4)
FNDA:3,(anonymous_5)
FNDA:5,(anonymous_6)
FNDA:0,(anonymous_7)
FNDA:1,(anonymous_8)
DA:2,3
DA:3,3
DA:5,3
DA:6,3
DA:7,3
DA:15,3
DA:16,3
DA:17,3
DA:18,3
DA:20,3
DA:21,3
DA:22,9
DA:23,9
DA:26,9
DA:27,9
DA:28,9
DA:30,0
DA:31,0
DA:33,0
DA:35,0
DA:36,0
DA:37,0
DA:39,0
DA:41,0
DA:42,0
DA:44,0
DA:47,0
DA:49,0
DA:54,9
DA:55,9
DA:57,13
DA:59,13
DA:61,13
DA:62,13
DA:64,3
DA:66,3
DA:67,3
DA:70,3
DA:72,10
DA:75,3
DA:76,5
DA:79,3
DA:81,3
DA:82,0
DA:83,0
DA:86,7
DA:88,3
DA:89,3
DA:90,3
DA:91,1
DA:98,3
LF:51
LH:37
BRDA:2,0,0,3
BRDA:2,0,1,0
BRDA:2,0,2,3
BRDA:3,1,0,3
BRDA:3,1,1,0
BRDA:3,2,0,3
BRDA:3,2,1,3
BRDA:28,3,0,0
BRDA:28,3,1,9
BRDA:28,4,0,9
BRDA:28,4,1,0
BRDA:42,5,0,0
BRDA:42,5,1,0
BRDA:62,6,0,3
BRDA:62,6,1,10
BRDA:72,7,0,3
BRDA:72,7,1,7
BRDA:72,8,0,10
BRDA:72,8,1,3
BRDA:72,8,2,0
BRDA:86,9,0,3
BRDA:86,9,1,4
BRDA:91,10,0,1
BRDA:91,10,1,1
BRF:24
BRH:17
end_of_record
TN:
SF:src\const\regex.js
FNF:0
FNH:0
DA:2,3
DA:3,3
DA:4,3
LF:3
LH:3
BRF:0
BRH:0
end_of_record
TN:
SF:src\observer\observer.js
FN:7,_observer
FN:21,(anonymous_1)
FN:25,(anonymous_2)
FN:28,(anonymous_3)
FN:35,(anonymous_4)
FN:41,(anonymous_5)
FNF:6
FNH:5
FNDA:3,_observer
FNDA:9,(anonymous_1)
FNDA:13,(anonymous_2)
FNDA:2,(anonymous_3)
FNDA:2,(anonymous_4)
FNDA:0,(anonymous_5)
DA:2,3
DA:8,3
DA:9,3
DA:10,9
DA:12,9
DA:16,9
DA:17,0
DA:19,9
DA:21,9
DA:22,9
DA:26,13
DA:29,2
DA:30,0
DA:32,2
DA:34,2
DA:35,2
DA:36,2
DA:40,2
DA:41,2
DA:42,0
DA:51,3
LF:21
LH:18
BRDA:10,0,0,9
BRDA:10,0,1,0
BRDA:16,1,0,0
BRDA:16,1,1,9
BRDA:29,2,0,0
BRDA:29,2,1,2
BRDA:34,3,0,2
BRDA:34,3,1,0
BRDA:40,4,0,2
BRDA:40,4,1,0
BRF:10
BRH:5
end_of_record
TN:
SF:src\watcher\watcher.js
FN:12,(anonymous_0)
FN:19,(anonymous_1)
FNF:2
FNH:2
FNDA:6,(anonymous_0)
FNDA:8,(anonymous_1)
DA:2,3
DA:13,6
DA:14,6
DA:15,6
DA:16,6
DA:20,8
DA:23,3
LF:7
LH:7
BRF:0
BRH:0
end_of_record
